<?xml version="1.0" encoding="UTF-8"?>
<!-- Generated by org.testng.reporters.JUnitReportReporter -->
<testsuite hostname="DESKTOP-JKMLIMQ" failures="0" tests="2" name="Tesing.TC_002" time="0.615" errors="0" timestamp="2023-10-11T00:45:32 IST" skipped="0">
  <testcase classname="Tesing.TC_002" name="do_some_testing_1" time="0.016"/>
  <testcase classname="Tesing.TC_002" name="do_some_testing" time="0.599"/>
</testsuite> <!-- Tesing.TC_002 -->
