<?xml version="1.0" encoding="UTF-8"?>
<!-- Generated by org.testng.reporters.JUnitReportReporter -->
<testsuite hostname="DESKTOP-JKMLIMQ" failures="0" tests="2" name="testing.TC_001" time="0.166" errors="0" timestamp="2023-10-17T22:20:36 IST" skipped="0">
  <testcase classname="testing.TC_001" name="do_some_testing" time="0.154"/>
  <testcase classname="testing.TC_001" name="do_some_testing_1" time="0.012"/>
</testsuite> <!-- testing.TC_001 -->
