<?xml version="1.0" encoding="UTF-8"?>
<!-- Generated by org.testng.reporters.JUnitReportReporter -->
<testsuite hostname="DESKTOP-JKMLIMQ" failures="0" tests="2" name="Tesing.TC_001" time="0.260" errors="0" timestamp="2023-10-11T00:29:35 IST" skipped="0">
  <testcase classname="Tesing.TC_001" name="do_some_testing" time="0.254"/>
  <testcase classname="Tesing.TC_001" name="do_some_testing_1" time="0.006"/>
</testsuite> <!-- Tesing.TC_001 -->
