<?xml version="1.0" encoding="UTF-8"?>
<!-- Generated by org.testng.reporters.JUnitReportReporter -->
<testsuite hostname="DESKTOP-JKMLIMQ" failures="0" tests="3" name="testScripts.GoogleTest" time="0.416" errors="0" timestamp="2023-10-13T00:09:34 IST" skipped="0">
  <testcase classname="testScripts.GoogleTest" name="test_the_SearchTextBox" time="0.180"/>
  <testcase classname="testScripts.GoogleTest" name="test_theLogo" time="0.167"/>
  <testcase classname="testScripts.GoogleTest" name="title_url" time="0.069"/>
</testsuite> <!-- testScripts.GoogleTest -->
