<?xml version="1.0" encoding="UTF-8"?>
<!-- Generated by org.testng.reporters.JUnitReportReporter -->
<testsuite hostname="DESKTOP-JKMLIMQ" failures="0" tests="4" name="testing.Priority_Learning_TC_004" time="0.228" errors="0" timestamp="2023-10-17T22:19:56 IST" skipped="0">
  <testcase classname="testing.Priority_Learning_TC_004" name="signup_page_validation" time="0.202"/>
  <testcase classname="testing.Priority_Learning_TC_004" name="signin_page_validation" time="0.004"/>
  <testcase classname="testing.Priority_Learning_TC_004" name="home_page_validation" time="0.013"/>
  <testcase classname="testing.Priority_Learning_TC_004" name="cart_page_validation" time="0.009"/>
</testsuite> <!-- testing.Priority_Learning_TC_004 -->
